<?xml version="1.0" encoding="utf-8"?><testsuites name="pytest tests"><testsuite name="pytest" errors="0" failures="0" skipped="0" tests="3" time="35.732" timestamp="2026-02-04T16:12:31.527940+05:30" hostname="ragnar.local"><testcase classname="Day 10.selenium testing.tests.test_ui_login" name="test_home_page" time="6.634" /><testcase classname="Day 10.selenium testing.tests.test_ui_login" name="test_invalid_login_shows_error" time="10.299" /><testcase classname="Day 10.selenium testing.tests.test_ui_login" name="test_valid_login_dashboard_logout" time="18.705" /></testsuite></testsuites>